<?xml version="1.0" encoding="UTF-8" standalone="no"?>
<!DOCTYPE log SYSTEM "logger.dtd">
<log>
<record>
  <date>2018-11-30T16:34:49</date>
  <millis>1543575889811</millis>
  <sequence>0</sequence>
  <level>START</level>
  <class>com.kms.katalon.core.logging.KeywordLogger</class>
  <method>startSuite</method>
  <thread>1</thread>
  <message>Start Test Suite : Test Suites/VBZ0016-My Downline</message>
  <nestedLevel>0</nestedLevel>
  <property name="name">VBZ0016-My Downline</property>
  <property name="description"></property>
  <property name="id">Test Suites/VBZ0016-My Downline</property>
</record>
<record>
  <date>2018-11-30T16:34:49</date>
  <millis>1543575889857</millis>
  <sequence>1</sequence>
  <level>RUN_DATA</level>
  <class>com.kms.katalon.core.logging.KeywordLogger</class>
  <method>logMessage</method>
  <thread>1</thread>
  <message>Logging run data &amp;apos;hostName&amp;apos; with value &amp;apos;shinto - Vofox-Shinto.vofox.com&amp;apos;</message>
  <nestedLevel>0</nestedLevel>
  <property name="hostName">shinto - Vofox-Shinto.vofox.com</property>
</record>
<record>
  <date>2018-11-30T16:34:49</date>
  <millis>1543575889860</millis>
  <sequence>2</sequence>
  <level>RUN_DATA</level>
  <class>com.kms.katalon.core.logging.KeywordLogger</class>
  <method>logMessage</method>
  <thread>1</thread>
  <message>Logging run data &amp;apos;os&amp;apos; with value &amp;apos;Windows 10 32bit&amp;apos;</message>
  <nestedLevel>0</nestedLevel>
  <property name="os">Windows 10 32bit</property>
</record>
<record>
  <date>2018-11-30T16:34:49</date>
  <millis>1543575889862</millis>
  <sequence>3</sequence>
  <level>RUN_DATA</level>
  <class>com.kms.katalon.core.logging.KeywordLogger</class>
  <method>logMessage</method>
  <thread>1</thread>
  <message>Logging run data &amp;apos;hostAddress&amp;apos; with value &amp;apos;192.168.10.134&amp;apos;</message>
  <nestedLevel>0</nestedLevel>
  <property name="hostAddress">192.168.10.134</property>
</record>
<record>
  <date>2018-11-30T16:34:49</date>
  <millis>1543575889864</millis>
  <sequence>4</sequence>
  <level>RUN_DATA</level>
  <class>com.kms.katalon.core.logging.KeywordLogger</class>
  <method>logMessage</method>
  <thread>1</thread>
  <message>Logging run data &amp;apos;katalonVersion&amp;apos; with value &amp;apos;5.8.0.1&amp;apos;</message>
  <nestedLevel>0</nestedLevel>
  <property name="katalonVersion">5.8.0.1</property>
</record>
<record>
  <date>2018-11-30T16:34:50</date>
  <millis>1543575890290</millis>
  <sequence>5</sequence>
  <level>START</level>
  <class>com.kms.katalon.core.logging.KeywordLogger</class>
  <method>startTest</method>
  <thread>1</thread>
  <message>Start Test Case : Test Cases/Associate Application/My Downline/TCBA01601</message>
  <nestedLevel>1</nestedLevel>
  <property name="name">Test Cases/Associate Application/My Downline/TCBA01601</property>
  <property name="description"></property>
  <property name="id">Test Cases/Associate Application/My Downline/TCBA01601</property>
  <property name="source">F:\\VofoxQA\\Bonanza\\BonanzaKatalon\\Test Cases\\Associate Application\\My Downline\\TCBA01601.tc</property>
  <property name="isOptional">false</property>
</record>
<record>
  <date>2018-11-30T16:34:50</date>
  <millis>1543575890313</millis>
  <sequence>6</sequence>
  <level>INFO</level>
  <class>com.kms.katalon.core.logging.KeywordLogger</class>
  <method>logMessage</method>
  <thread>1</thread>
  <message>Evaluating variables for test case</message>
  <nestedLevel>1</nestedLevel>
</record>
<record>
  <date>2018-11-30T16:34:50</date>
  <millis>1543575890724</millis>
  <sequence>7</sequence>
  <level>START</level>
  <class>com.kms.katalon.core.logging.KeywordLogger</class>
  <method>startKeyword</method>
  <thread>1</thread>
  <message>Start action : callTestCase</message>
  <nestedLevel>1</nestedLevel>
  <property name="startLine">16</property>
  <property name="stepIndex">1</property>
</record>
<record>
  <date>2018-11-30T16:34:50</date>
  <millis>1543575890804</millis>
  <sequence>8</sequence>
  <level>INFO</level>
  <class>com.kms.katalon.core.logging.KeywordLogger</class>
  <method>logMessage</method>
  <thread>1</thread>
  <message>Checking called Test Case</message>
  <nestedLevel>1</nestedLevel>
</record>
<record>
  <date>2018-11-30T16:34:50</date>
  <millis>1543575890805</millis>
  <sequence>9</sequence>
  <level>INFO</level>
  <class>com.kms.katalon.core.logging.KeywordLogger</class>
  <method>logMessage</method>
  <thread>1</thread>
  <message>Starting to call Test Case &amp;apos;Test Cases/Associate Application/Associate Prod Login/Login&amp;apos;</message>
  <nestedLevel>1</nestedLevel>
</record>
<record>
  <date>2018-11-30T16:34:50</date>
  <millis>1543575890862</millis>
  <sequence>10</sequence>
  <level>START</level>
  <class>com.kms.katalon.core.logging.KeywordLogger</class>
  <method>startTest</method>
  <thread>1</thread>
  <message>Start Test Case : Test Cases/Associate Application/Associate Prod Login/Login</message>
  <nestedLevel>2</nestedLevel>
  <property name="name">Test Cases/Associate Application/Associate Prod Login/Login</property>
  <property name="description"></property>
  <property name="id">Test Cases/Associate Application/Associate Prod Login/Login</property>
  <property name="source">F:\\VofoxQA\\Bonanza\\BonanzaKatalon\\Test Cases\\Associate Application\\Associate Prod Login\\Login.tc</property>
  <property name="isOptional">false</property>
</record>
<record>
  <date>2018-11-30T16:34:50</date>
  <millis>1543575890883</millis>
  <sequence>11</sequence>
  <level>INFO</level>
  <class>com.kms.katalon.core.logging.KeywordLogger</class>
  <method>logMessage</method>
  <thread>1</thread>
  <message>Evaluating variables for test case</message>
  <nestedLevel>2</nestedLevel>
</record>
<record>
  <date>2018-11-30T16:34:51</date>
  <millis>1543575891102</millis>
  <sequence>12</sequence>
  <level>START</level>
  <class>com.kms.katalon.core.logging.KeywordLogger</class>
  <method>startKeyword</method>
  <thread>1</thread>
  <message>Start action : openBrowser</message>
  <nestedLevel>1</nestedLevel>
  <property name="startLine">16</property>
  <property name="stepIndex">1</property>
</record>
<record>
  <date>2018-11-30T16:34:51</date>
  <millis>1543575891366</millis>
  <sequence>13</sequence>
  <level>INFO</level>
  <class>com.kms.katalon.core.logging.KeywordLogger</class>
  <method>logMessage</method>
  <thread>1</thread>
  <message>Opening browser</message>
  <nestedLevel>2</nestedLevel>
</record>
<record>
  <date>2018-11-30T16:34:51</date>
  <millis>1543575891378</millis>
  <sequence>14</sequence>
  <level>INFO</level>
  <class>com.kms.katalon.core.logging.KeywordLogger</class>
  <method>logMessage</method>
  <thread>1</thread>
  <message>Starting &amp;apos;Firefox&amp;apos; driver</message>
  <nestedLevel>2</nestedLevel>
</record>
<record>
  <date>2018-11-30T16:34:51</date>
  <millis>1543575891479</millis>
  <sequence>15</sequence>
  <level>INFO</level>
  <class>com.kms.katalon.core.logging.KeywordLogger</class>
  <method>logMessage</method>
  <thread>1</thread>
  <message>Action delay is set to 0 seconds</message>
  <nestedLevel>2</nestedLevel>
</record>
